<?xml version="1.0" encoding="UTF-8"?>
<testsuite xmlns:xsi="http://www.w3.org/2001/XMLSchema-instance" xsi:noNamespaceSchemaLocation="https://maven.apache.org/surefire/maven-surefire-plugin/xsd/surefire-test-report-3.0.xsd" version="3.0" name="drools.project.RuleTest" time="2.558" tests="1" errors="0" skipped="0" failures="0">
  <properties>
[...]
</properties>
  <testcase name="test" classname="drools.project.RuleTest" time="2.465">
    <system-out><![CDATA[2020-07-10 12:20:14,090 INFO  [org.kie.api.internal.utils.ServiceDiscoveryImpl] (main) Loading kie.conf from  
2020-07-10 12:20:14,091 INFO  [org.kie.api.internal.utils.ServiceDiscoveryImpl] (main) Discovered kie.conf url=jar:file:/C:/Users/Susana/.m2/repository/org/drools/drools-compiler/7.7.0.Final/drools-compiler-7.7.0.Final.jar!/META-INF/kie.conf 
2020-07-10 12:20:14,143 INFO  [org.kie.api.internal.utils.ServiceDiscoveryImpl] (main) Adding Service org.drools.compiler.kie.builder.impl.KieServicesImpl

2020-07-10 12:20:14,148 INFO  [org.kie.api.internal.utils.ServiceDiscoveryImpl] (main) Adding Service org.drools.compiler.builder.impl.KnowledgeBuilderFactoryServiceImpl

2020-07-10 12:20:14,148 INFO  [org.kie.api.internal.utils.ServiceDiscoveryImpl] (main) Loading kie.conf from  
2020-07-10 12:20:14,148 INFO  [org.kie.api.internal.utils.ServiceDiscoveryImpl] (main) Discovered kie.conf url=jar:file:/C:/Users/Susana/.m2/repository/org/drools/drools-core/7.7.0.Final/drools-core-7.7.0.Final.jar!/META-INF/kie.conf 
2020-07-10 12:20:14,151 INFO  [org.kie.api.internal.utils.ServiceDiscoveryImpl] (main) Adding Service org.drools.core.io.impl.ResourceFactoryServiceImpl

2020-07-10 12:20:14,153 INFO  [org.kie.api.internal.utils.ServiceDiscoveryImpl] (main) Adding Service org.drools.core.marshalling.impl.MarshallerProviderImpl

2020-07-10 12:20:14,153 INFO  [org.kie.api.internal.utils.ServiceDiscoveryImpl] (main) Adding Service org.drools.core.concurrent.ExecutorProviderImpl

2020-07-10 12:20:14,153 INFO  [org.kie.api.internal.utils.ServiceDiscoveryImpl] (main) Loading kie.conf from  
2020-07-10 12:20:14,154 INFO  [org.kie.api.internal.utils.ServiceDiscoveryImpl] (main) Discovered kie.conf url=jar:file:/C:/Users/Susana/.m2/repository/org/kie/kie-internal/7.7.0.Final/kie-internal-7.7.0.Final.jar!/META-INF/kie.conf 
2020-07-10 12:20:14,155 INFO  [org.kie.api.internal.utils.ServiceDiscoveryImpl] (main) Adding Service org.kie.internal.services.KieWeaversImpl

2020-07-10 12:20:14,155 INFO  [org.kie.api.internal.utils.ServiceDiscoveryImpl] (main) Adding Service org.kie.internal.services.KieBeliefsImpl

2020-07-10 12:20:14,156 INFO  [org.kie.api.internal.utils.ServiceDiscoveryImpl] (main) Adding Service org.kie.internal.services.KieAssemblersImpl

2020-07-10 12:20:14,157 INFO  [org.kie.api.internal.utils.ServiceDiscoveryImpl] (main) Adding Service org.kie.internal.services.KieRuntimesImpl

2020-07-10 12:20:15,181 INFO  [org.drools.compiler.kie.builder.impl.ClasspathKieProject] (main) Found kmodule: file:/C:/workspaces/drools-project/target/classes/META-INF/kmodule.xml
2020-07-10 12:20:15,433 WARN  [org.drools.compiler.kie.builder.impl.ClasspathKieProject] (main) Unable to find pom.properties in /C:/workspaces/drools-project/target/classes
2020-07-10 12:20:15,440 INFO  [org.drools.compiler.kie.builder.impl.ClasspathKieProject] (main) Recursed up folders, found and used pom.xml C:\workspaces\drools-project\pom.xml
2020-07-10 12:20:15,447 INFO  [org.drools.compiler.kie.builder.impl.KieRepositoryImpl] (main) KieModule was added: FileKieModule[releaseId=mis.pruebas:drools-project:1.0-SNAPSHOT,file=C:\workspaces\drools-project\target\classes]
2020-07-10 12:20:16,262 INFO  [drools.project.RuleTest] (main) Creating kieBase
2020-07-10 12:20:16,359 INFO  [drools.project.RuleTest] (main) There should be rules: 
2020-07-10 12:20:16,359 INFO  [drools.project.RuleTest] (main) kp [Package name=drools.project] rule will execute per each Measurement having ID color
2020-07-10 12:20:16,359 INFO  [drools.project.RuleTest] (main) Creating kieSession
2020-07-10 12:20:16,395 INFO  [drools.project.RuleTest] (main) Populating globals
2020-07-10 12:20:16,395 INFO  [drools.project.RuleTest] (main) Now running data
2020-07-10 12:20:16,426 INFO  [drools.project.RuleTest] (main) Final checks
]]></system-out>
  </testcase>
</testsuite>